<?xml version="1.0" encoding="UTF-8"?>
<!-- Generated by org.testng.reporters.JUnitReportReporter -->
<testsuite hostname="DESKTOP-93RQOLS" failures="0" tests="1" name="com.comcast.crm.orgTest.CreateOrgWithPhNumber" time="43.764" errors="0" timestamp="2024-08-08T16:02:29 IST" skipped="0">
  <testcase classname="com.comcast.crm.orgTest.CreateOrgWithPhNumber" name="create" time="43.764"/>
  <system-out/>
</testsuite> <!-- com.comcast.crm.orgTest.CreateOrgWithPhNumber -->
