<?xml version="1.0" encoding="UTF-8"?>
<!-- Generated by org.testng.reporters.JUnitReportReporter -->
<testsuite hostname="DESKTOP-93RQOLS" failures="0" tests="1" name="com.comcast.crm.orgTest.CreateOrgWithIndustry" time="109.301" errors="0" timestamp="2024-08-08T16:02:29 IST" skipped="0">
  <testcase classname="com.comcast.crm.orgTest.CreateOrgWithIndustry" name="create" time="109.301"/>
  <system-out/>
</testsuite> <!-- com.comcast.crm.orgTest.CreateOrgWithIndustry -->
