<?xml version="1.0" encoding="UTF-8"?>
<!-- Generated by org.testng.reporters.JUnitReportReporter -->
<testsuite hostname="DESKTOP-93RQOLS" failures="0" tests="1" name="com.comcast.crm.contactTest.CreateContactWithOrganisation" time="35.031" errors="0" timestamp="2024-08-09T13:09:03 IST" skipped="0">
  <testcase classname="com.comcast.crm.contactTest.CreateContactWithOrganisation" name="create" time="35.031"/>
  <system-out/>
</testsuite> <!-- com.comcast.crm.contactTest.CreateContactWithOrganisation -->
