<?xml version="1.0" encoding="UTF-8"?>
<!-- Generated by org.testng.reporters.JUnitReportReporter -->
<testsuite hostname="DESKTOP-93RQOLS" failures="0" tests="9" name="com.comcast.crm.practice.DataProviderAmazonTest" time="170.123" errors="0" timestamp="2024-08-21T17:10:53 IST" skipped="0">
  <testcase classname="com.comcast.crm.practice.DataProviderAmazonTest" name="getProductInfoTest" time="19.570"/>
  <system-out/>
  <testcase classname="com.comcast.crm.practice.DataProviderAmazonTest" name="getProductInfoTest" time="17.951"/>
  <system-out/>
  <testcase classname="com.comcast.crm.practice.DataProviderAmazonTest" name="getProductInfoTest" time="16.980"/>
  <system-out/>
  <testcase classname="com.comcast.crm.practice.DataProviderAmazonTest" name="getProductInfoTest" time="22.800"/>
  <system-out/>
  <testcase classname="com.comcast.crm.practice.DataProviderAmazonTest" name="getProductInfoTest" time="16.514"/>
  <system-out/>
  <testcase classname="com.comcast.crm.practice.DataProviderAmazonTest" name="getProductInfoTest" time="16.553"/>
  <system-out/>
  <testcase classname="com.comcast.crm.practice.DataProviderAmazonTest" name="getProductInfoTest" time="24.687"/>
  <system-out/>
  <testcase classname="com.comcast.crm.practice.DataProviderAmazonTest" name="getProductInfoTest" time="17.157"/>
  <system-out/>
  <testcase classname="com.comcast.crm.practice.DataProviderAmazonTest" name="getProductInfoTest" time="17.911"/>
  <system-out/>
</testsuite> <!-- com.comcast.crm.practice.DataProviderAmazonTest -->
