<?xml version="1.0" encoding="UTF-8"?>
<!-- Generated by org.testng.reporters.JUnitReportReporter -->
<testsuite hostname="DESKTOP-93RQOLS" failures="0" tests="1" name="com.comcast.crm.contactTest.CreateContactWithSupportDate" time="105.205" errors="0" timestamp="2024-08-08T16:02:29 IST" skipped="0">
  <testcase classname="com.comcast.crm.contactTest.CreateContactWithSupportDate" name="create" time="105.205"/>
  <system-out/>
</testsuite> <!-- com.comcast.crm.contactTest.CreateContactWithSupportDate -->
