<?xml version="1.0" encoding="UTF-8"?>
<!-- Generated by org.testng.reporters.JUnitReportReporter -->
<testsuite hostname="DESKTOP-93RQOLS" failures="0" tests="1" name="com.comcast.crm.orgTest.DeleteOrg_Test" time="27.504" errors="0" timestamp="2024-09-13T16:24:26 IST" skipped="0">
  <testcase classname="com.comcast.crm.orgTest.DeleteOrg_Test" name="delete" time="27.504"/>
  <system-out/>
</testsuite> <!-- com.comcast.crm.orgTest.DeleteOrg_Test -->
