<?xml version="1.0" encoding="UTF-8"?>
<!-- Generated by org.testng.reporters.JUnitReportReporter -->
<testsuite hostname="DESKTOP-93RQOLS" failures="0" tests="1" name="com.comcast.crm.contactTest.CreateContactTest" time="31.117" errors="0" timestamp="2024-09-13T16:24:26 IST" skipped="0">
  <testcase classname="com.comcast.crm.contactTest.CreateContactTest" name="createContactWithOganisationTest" time="31.117"/>
  <system-out/>
</testsuite> <!-- com.comcast.crm.contactTest.CreateContactTest -->
