<?xml version="1.0" encoding="UTF-8"?>
<!-- Generated by org.testng.reporters.JUnitXMLReporter -->
<testsuite ignored="0" hostname="DESKTOP-93RQOLS" failures="0" tests="3" name="Test-3" time="119.369" errors="0" timestamp="2024-08-29T10:39:55 IST">
  <testcase classname="com.comcast.crm.contactTest.CreateContactTest" name="createContactTest" time="21.365"/>
  <testcase classname="com.comcast.crm.contactTest.CreateContactTest" name="createContactWithOganisationTest" time="42.317"/>
  <testcase classname="com.comcast.crm.contactTest.CreateContactTest" name="createContactWithSupportDateTest" time="13.274"/>
</testsuite> <!-- Test-3 -->
